2024-08-11 09:45:31,768:DEBUG:certbot._internal.main:certbot version: 2.8.0
2024-08-11 09:45:31,771:DEBUG:certbot._internal.main:Location of certbot entry point: /usr/local/bin/certbot
2024-08-11 09:45:31,771:DEBUG:certbot._internal.main:Arguments: ['--non-interactive', '--dns-cloudflare', '--dns-cloudflare-credentials', '/run/secrets/cloudflare-dns', '--agree-tos', '--keep-until-expiring', '-d', '*.joshandrews.xyz']
2024-08-11 09:45:31,772:DEBUG:certbot._internal.main:Discovered plugins: PluginsRegistry(PluginEntryPoint#dns-cloudflare,PluginEntryPoint#manual,PluginEntryPoint#null,PluginEntryPoint#standalone,PluginEntryPoint#webroot)
2024-08-11 09:45:31,843:DEBUG:certbot._internal.log:Root logging level set at 30
2024-08-11 09:45:31,852:DEBUG:certbot._internal.plugins.selection:Requested authenticator dns-cloudflare and installer None
2024-08-11 09:45:31,854:DEBUG:certbot._internal.plugins.selection:Single candidate plugin: * dns-cloudflare
Description: Obtain certificates using a DNS TXT record (if you are using Cloudflare for DNS).
Interfaces: Authenticator, Plugin
Entry point: EntryPoint(name='dns-cloudflare', value='certbot_dns_cloudflare._internal.dns_cloudflare:Authenticator', group='certbot.plugins')
Initialized: <certbot_dns_cloudflare._internal.dns_cloudflare.Authenticator object at 0x7fff8ff3ed40>
Prep: True
2024-08-11 09:45:31,856:DEBUG:certbot._internal.plugins.selection:Selected authenticator <certbot_dns_cloudflare._internal.dns_cloudflare.Authenticator object at 0x7fff8ff3ed40> and installer None
2024-08-11 09:45:31,856:INFO:certbot._internal.plugins.selection:Plugins selected: Authenticator dns-cloudflare, Installer None
2024-08-11 09:45:32,504:DEBUG:certbot._internal.main:Picked account: <Account(RegistrationResource(body=Registration(key=None, contact=(), agreement=None, status=None, terms_of_service_agreed=None, only_return_existing=None, external_account_binding=None), uri='https://acme-v02.api.letsencrypt.org/acme/acct/1539842806', new_authzr_uri=None, terms_of_service=None), 2d35fcd35e7fe8bd84408d328f9c6d96, Meta(creation_dt=datetime.datetime(2024, 1, 27, 21, 46, 48, tzinfo=<UTC>), creation_host='ed505e3d71b6', register_to_eff=None))>
2024-08-11 09:45:32,506:DEBUG:acme.client:Sending GET request to https://acme-v02.api.letsencrypt.org/directory.
2024-08-11 09:45:32,510:DEBUG:urllib3.connectionpool:Starting new HTTPS connection (1): acme-v02.api.letsencrypt.org:443
2024-08-11 09:45:33,016:DEBUG:urllib3.connectionpool:https://acme-v02.api.letsencrypt.org:443 "GET /directory HTTP/1.1" 200 746
2024-08-11 09:45:33,017:DEBUG:acme.client:Received response:
HTTP 200
Server: nginx
Date: Sun, 11 Aug 2024 09:45:32 GMT
Content-Type: application/json
Content-Length: 746
Connection: keep-alive
Cache-Control: public, max-age=0, no-cache
X-Frame-Options: DENY
Strict-Transport-Security: max-age=604800

{
  "YeSoNyEOKuU": "https://community.letsencrypt.org/t/adding-random-entries-to-the-directory/33417",
  "keyChange": "https://acme-v02.api.letsencrypt.org/acme/key-change",
  "meta": {
    "caaIdentities": [
      "letsencrypt.org"
    ],
    "termsOfService": "https://letsencrypt.org/documents/LE-SA-v1.4-April-3-2024.pdf",
    "website": "https://letsencrypt.org"
  },
  "newAccount": "https://acme-v02.api.letsencrypt.org/acme/new-acct",
  "newNonce": "https://acme-v02.api.letsencrypt.org/acme/new-nonce",
  "newOrder": "https://acme-v02.api.letsencrypt.org/acme/new-order",
  "renewalInfo": "https://acme-v02.api.letsencrypt.org/draft-ietf-acme-ari-03/renewalInfo",
  "revokeCert": "https://acme-v02.api.letsencrypt.org/acme/revoke-cert"
}
2024-08-11 09:45:33,042:DEBUG:urllib3.connectionpool:Starting new HTTP connection (1): e6.o.lencr.org:80
2024-08-11 09:45:33,234:DEBUG:urllib3.connectionpool:http://e6.o.lencr.org:80 "POST / HTTP/1.1" 200 344
2024-08-11 09:45:33,236:DEBUG:certbot.ocsp:OCSP response for certificate /etc/letsencrypt/archive/joshandrews.xyz/cert3.pem is signed by the certificate's issuer.
2024-08-11 09:45:33,240:DEBUG:certbot.ocsp:OCSP certificate status for /etc/letsencrypt/archive/joshandrews.xyz/cert3.pem is: OCSPCertStatus.GOOD
2024-08-11 09:45:33,253:DEBUG:certbot._internal.display.obj:Notifying user: Certificate not yet due for renewal
2024-08-11 09:45:33,257:INFO:certbot._internal.main:Keeping the existing certificate
2024-08-11 09:45:33,257:DEBUG:certbot._internal.display.obj:Notifying user: Certificate not yet due for renewal; no action taken.
